<?xml version="1.0" encoding="UTF-8"?>
<!-- Generated by org.testng.reporters.JUnitXMLReporter -->
<testsuite ignored="0" hostname="DESKTOP-QET7T1V" failures="0" tests="6" name="Surefire test" time="0.072" errors="0" timestamp="2022-10-16T11:24:46 GMT+03:00">
  <testcase classname="NSDLTraining.CalculatorAPI.TestingSubtractionTestCases" name="TestSubtractionWithPositiveNumbers" time="0.008"/>
  <testcase classname="NSDLTraining.CalculatorAPI.TestingSubtractionTestCases" name="TestSubtractionWith1Positive1NegativeNumbers" time="0.0"/>
  <testcase classname="NSDLTraining.CalculatorAPI.TestMultiplication" name="TestMultiplicationWithPositiveValues" time="0.0"/>
  <testcase classname="NSDLTraining.CalculatorAPI.TestMultiplication" name="TestMultiplicationWithPositiveValues" time="0.0"/>
  <testcase classname="NSDLTraining.CalculatorAPI.TestMultiplication" name="TestMultiplicationWithPositiveValues" time="0.0"/>
  <testcase classname="NSDLTraining.CalculatorAPI.TestMultiplication" name="TestMultiplicationWithPositiveValues" time="0.0"/>
</testsuite> <!-- Surefire test -->
