<?xml version="1.0" encoding="UTF-8"?>
<testsuite xmlns:xsi="http://www.w3.org/2001/XMLSchema-instance" xsi:noNamespaceSchemaLocation="https://maven.apache.org/surefire/maven-surefire-plugin/xsd/surefire-test-report.xsd" name="TestSuite" time="0.63" tests="6" errors="0" skipped="0" failures="0">
  <properties>
[...]
</properties>
  <testcase name="TestSubtractionWithPositiveNumbers" classname="NSDLTraining.CalculatorAPI.TestingSubtractionTestCases" time="0.008"/>
  <testcase name="TestSubtractionWith1Positive1NegativeNumbers" classname="NSDLTraining.CalculatorAPI.TestingSubtractionTestCases" time="0"/>
  <testcase name="TestMultiplicationWithPositiveValues" classname="NSDLTraining.CalculatorAPI.TestMultiplication" time="0"/>
  <testcase name="TestMultiplicationWithPositiveValues" classname="NSDLTraining.CalculatorAPI.TestMultiplication" time="0"/>
  <testcase name="TestMultiplicationWithPositiveValues" classname="NSDLTraining.CalculatorAPI.TestMultiplication" time="0"/>
  <testcase name="TestMultiplicationWithPositiveValues" classname="NSDLTraining.CalculatorAPI.TestMultiplication" time="0"/>
</testsuite>